
--- 2026-02-18T23:13:15.891045 ---
[Evaluator] Critic model: gemma3:4b
[Evaluator] Calling Critic...
[Evaluator] Raw response: ```json
{"critic_score": 0.5, "reasoning": "La respuesta fue incorrecta al no mencionar el IVA incluido, y la corrección del usuario reveló una omisión importante en la información proporcionada por el bot.", "proposed_prompt": "Eres un asistente útil y preciso, proporcionando información detallada 
[Evaluator] critic_score=0.50 | La respuesta fue incorrecta al no mencionar el IVA incluido, y la corrección del usuario reveló una 
[StateManager] feedback=+0.000  C=0.500  change=33.3%  P=0.1000  R_total=+0.1495
[StateManager] Population size=2  elite_fitness=+0.1495
[StateManager] R_avg (n=4) = -0.1809
[StateManager] degradation=False  forced=True
[StateManager] Backup: prompts\prompt_v4.txt
[StateManager] Actualizacion de politica ejecutada (correccion forzada). Delta de cambio: 33.3%  |  version v4

--- 2026-02-18T23:14:37.935465 ---
[Evaluator] Critic model: gemma3:4b
[Evaluator] Calling Critic...
[Evaluator] Raw response: ```json
{"critic_score": 0.6, "reasoning": "La respuesta fue parcialmente correcta pero omitió información crucial sobre el número de usuarios, lo que llevó a la corrección del usuario.", "proposed_prompt": "Eres un asistente útil y preciso, proporcionando información detallada sobre precios y carac
[Evaluator] critic_score=0.60 | La respuesta fue parcialmente correcta pero omitió información crucial sobre el número de usuarios, 
[StateManager] feedback=+0.009  C=0.600  change=4.0%  P=0.0120  R_total=+0.2919
[StateManager] Population size=3  elite_fitness=+0.2919
[StateManager] R_avg (n=5) = -0.0864
[StateManager] degradation=False  forced=True
[StateManager] Backup: prompts\prompt_v5.txt
[StateManager] Actualizacion de politica ejecutada (correccion forzada). Delta de cambio: 4.0%  |  version v5

--- 2026-02-19T09:42:15.945519 ---
[Evaluator] Critic model: gemma3:4b
[Evaluator] Running Critic...
[Evaluator] critic_score=0.20  R=+0.1267  gate=forced  change=0.0%  stable_streak=0/5  converged=False
[Evaluator] Policy updated -> v1 (forced)

--- 2026-02-19T10:45:54.981530 ---
[Evaluator] Behavioral signals: 2 obs [Evaluator] Behavioral signals: 3 obs + 4 clicks
[Evaluator] Critic model: gemma3:4b
[Evaluator] Running Critic...
[Evaluator] critic_score=0.80  R=+0.4089  gate=forced  change=0.0%  stable_streak=0/5  converged=False
[Evaluator] Policy updated -> v2 (forced) | inyeccion-directa: No existe un plan Enterprise
[Evaluator] Hipotesis: Monitorear si el humano sigue solicitando información sobre planes específicos (Enterprise, Pro, etc

--- 2026-02-19T11:18:28.913564 ---
[Evaluator] Behavioral signals: 1 obs + 3 clicks
[Evaluator] Critic model: gemma3:4b
[Evaluator] Running Critic...
[Evaluator] critic_score=0.80  R=+0.0355  gate=forced  change=11.9%  stable_streak=0/5  converged=False
[Evaluator] Policy updated -> v1 (forced) | El feedback humano indica que el plan 'pro' no incluye beneficios adicionales, l
[Evaluator] Hipotesis: Monitorear si los usuarios siguen solicitando información sobre los beneficios incluidos en cada pla

--- 2026-02-19T11:29:06.725892 ---
[Evaluator] Last cycle has no verdict yet — skipping.

--- 2026-02-19T11:33:38.666785 ---
[Evaluator] Last cycle has no verdict yet — skipping.

--- 2026-02-19T12:14:04.179988 ---
[Evaluator] Behavioral signals: 1 obs + 4 clicks
[Evaluator] Critic model: gemma3:4b
[Evaluator] Running Critic...
[Evaluator] critic_score=0.85  R=-0.5168  gate=degradation  change=3.3%  stable_streak=0/5  converged=False
[Evaluator] Policy updated -> v2 (degradation) | El feedback humano indica que el plan básico tiene una capacidad máxima de 5 usu
[Evaluator] Hipotesis: Monitorear si los usuarios siguen solicitando información sobre la capacidad máxima de usuarios para

--- 2026-02-19T12:20:40.132650 ---
[Evaluator] Behavioral signals: 12 obs + 10 clicks
[Evaluator] Critic model: gemma3:4b
[Evaluator] Running Critic...
[Evaluator] critic_score=0.85  R=-0.5117  gate=degradation  change=4.2%  stable_streak=0/5  converged=False
[Evaluator] Policy updated -> v3 (degradation) | El feedback humano indica que el Actor no proporciona información sobre la capac
[Evaluator] Hipotesis: Monitorear si los usuarios siguen solicitando información sobre la capacidad máxima de usuarios para

--- 2026-02-19T12:34:32.646257 ---
[Evaluator] Behavioral signals: 3 obs + 5 clicks
[Evaluator] Critic model: gemma3:4b
[Evaluator] Running Critic...
[Evaluator] critic_score=0.80  R=+0.6454  gate=stable  change=16.9%  stable_streak=0/5  converged=False
[Evaluator] Policy stable — no update.

--- 2026-02-19T12:40:25.963391 ---
[Evaluator] Behavioral signals: 1 obs + 3 clicks
[Evaluator] Critic model: gemma3:4b
[Evaluator] Running Critic...
[Evaluator] critic_score=0.85  R=-0.6010  gate=degradation  change=31.3%  stable_streak=0/5  converged=False
[Evaluator] Policy updated -> v4 (degradation) | El feedback humano indica consistentemente una falta de información sobre la cap
[Evaluator] Hipotesis: Monitorear si los usuarios siguen solicitando información sobre la capacidad máxima de usuarios para

--- 2026-02-19T12:49:11.448491 ---
[Evaluator] Behavioral signals: 2 obs + 4 clicks
[Evaluator] Critic model: gemma3:4b
[Evaluator] Running Critic...
[Evaluator] critic_score=0.85  R=-0.5449  gate=degradation  change=15.3%  stable_streak=0/5  converged=False
[Evaluator] Policy updated -> v5 (degradation) | El feedback humano es consistentemente incorrecto, indicando una falla fundament
[Evaluator] Hipotesis: Continuar monitoreando la solicitud de información sobre la capacidad máxima de usuarios en los plan

--- 2026-02-19T13:07:54.773274 ---
[Evaluator] Behavioral signals: 1 obs + 3 clicks
[Evaluator] Critic model: gemma3:4b
[Evaluator] Running Critic...
[Evaluator] critic_score=0.85  R=-0.5820  gate=degradation  change=25.0%  stable_streak=0/5  converged=False
[Evaluator] Policy updated -> v6 (degradation) | El feedback humano indica consistentemente una falta de información sobre la cap
[Evaluator] Hipotesis: Monitorear si los usuarios siguen solicitando información sobre la capacidad máxima de usuarios para

--- 2026-02-19T13:35:58.484328 ---
[Evaluator] Behavioral signals: 0 obs + 3 clicks
[Evaluator] Critic model: gemma3:4b
[Evaluator] Running Critic...
[Evaluator] critic_score=0.80  R=+0.9800  gate=stable  change=0.0%  stable_streak=1/5  converged=False
[Evaluator] Policy stable — no update.

--- 2026-02-19T13:39:40.015917 ---
[Evaluator] Behavioral signals: 10 obs + 10 clicks
[Evaluator] Critic model: gemma3:4b
[Evaluator] Running Critic...
[Evaluator] critic_score=0.85  R=-0.7643  gate=degradation  change=91.1%  stable_streak=0/5  converged=False
[Evaluator] Policy updated -> v1 (degradation) | The human feedback consistently indicates a lack of information regarding maximu
[Evaluator] Hipotesis: Continue monitoring user queries for plan details, particularly regarding user limits and pricing in

--- 2026-02-19T14:00:55.228542 ---
[Evaluator] Behavioral signals: 5 obs + 6 clicks
[Evaluator] Critic model: gemma3:4b
[Evaluator] Running Critic...
[Evaluator] critic_score=0.80  R=-2.7505  gate=rewrite_blocked  change=82.2%  stable_streak=0/5  converged=False
[Evaluator] *** BLOQUEADO: el Critic propuso reescritura completa (change=82.2% > 35% umbral) ***

--- 2026-02-19T14:26:57.376541 ---
[Evaluator] Behavioral signals: 12 obs + 10 clicks
[Evaluator] Critic model: gemma3:4b
[Evaluator] Running Critic...
[Evaluator] critic_score=0.70  R=-0.4930  gate=forced  change=1.0%  stable_streak=0/5  converged=False
[Evaluator] Policy updated -> v2 (forced) | El feedback humano indica consistentemente la falta de información sobre la capa
[Evaluator] Hipotesis: Hipótesis en espańol: Monitorear la solicitud de información sobre la capacidad máxima de usuarios p

--- 2026-02-19T14:47:30.289337 ---
[Evaluator] Behavioral signals: 5 obs + 6 clicks
[Evaluator] Critic model: gemma3:4b
[Evaluator] Running Critic...
[Evaluator] critic_score=0.60  R=-0.5128  gate=forced  change=1.6%  stable_streak=0/5  converged=False
[Evaluator] Policy updated -> v3 (forced) | La persistencia de la falta de información sobre la capacidad máxima de usuarios
[Evaluator] Hipotesis: Monitorear si los usuarios siguen solicitando información sobre la capacidad máxima de usuarios para

--- 2026-02-19T15:16:08.907413 ---
[Evaluator] Behavioral signals: 2 obs + 3 clicks
[Evaluator] Critic model: gemma3:4b
[Evaluator] Running Critic...
[Evaluator] critic_score=0.80  R=-0.5088  gate=forced  change=1.6%  stable_streak=0/5  converged=False
[Evaluator] Policy updated -> v4 (forced) | El feedback humano ha seńalado consistentemente la falta de información sobre la
[Evaluator] Hipotesis: Hipotesis en espanol

--- 2026-02-19T15:24:38.247489 ---
[Evaluator] Behavioral signals: 2 obs + 3 clicks
[Evaluator] Critic model: gemma3:4b
[Evaluator] Running Critic...
[Evaluator] critic_score=0.80  R=-0.5296  gate=forced  change=8.5%  stable_streak=0/5  converged=False
[Evaluator] Policy updated -> v6 (forced) | El feedback humano y el historial de recompensas indican consistentemente que la
[Evaluator] Hipotesis: Hipotesis en espańol: Continuar monitoreando las consultas de los usuarios para identificar posibles

--- 2026-02-19T15:46:53.483437 ---
[Evaluator] Behavioral signals: 2 obs + 3 clicks
[Evaluator] Critic model: gemma3:4b
[Evaluator] Running Critic...
[Evaluator] critic_score=0.80  R=-0.5330  gate=forced  change=9.7%  stable_streak=0/5  converged=False
[Evaluator] Policy updated -> v7 (forced) | El feedback humano y el historial de recompensas indican consistentemente la nec
[Evaluator] Hipotesis: Hipótesis en espańol: Continuar monitoreando las consultas de los usuarios para identificar posibles

--- 2026-02-19T16:11:50.793096 ---
[Evaluator] Behavioral signals: 3 obs + 3 clicks
[Evaluator] Critic model: gemma3:4b
[Evaluator] Running Critic...
[Evaluator] critic_score=0.80  R=-0.5008  gate=forced  change=1.6%  stable_streak=0/5  converged=False
[Evaluator] Policy updated -> v8 (forced) | El feedback humano y el historial de recompensas apuntan consistentemente a la n
[Evaluator] Hipotesis: Se ha ańadido una regla hard para asegurar que la capacidad máxima de usuarios se especifique para c

--- 2026-02-20T18:24:15.037099 ---
[Evaluator] Behavioral signals: 0 obs + 0 clicks
[Evaluator] Critic model: gemma3:4b
[Evaluator] Running Critic...
[Evaluator] critic_score=0.55  R=-0.8855  gate=forced  change=13.5%  stable_streak=0/5  converged=False
[Evaluator] Policy updated -> v9 (forced) | [role]
El rol necesita enfatizar aún más la naturaleza informativa y restrictiva
[Evaluator] Hipotesis: TwoStageCritic — contexto completo (user_query + bot_response)
